app/build/intermediates/manifest_merge_blame_file/debug/manifest-merger-blame-debug-report.txt
1<?xml version="1.0" encoding="utf-8"?>
2<manifest xmlns:android="http://schemas.android.com/apk/res/android"
3    package="com.vasu.appcenter"
4    android:versionCode="2"
5    android:versionName="1.1" >
6
7    <uses-sdk
8        android:minSdkVersion="16"
8-->src/main/AndroidManifest.xml
9        android:targetSdkVersion="30" />
9-->src/main/AndroidManifest.xml
10
11    <uses-permission android:name="android.permission.INTERNET" />
11-->src/main/AndroidManifest.xml:6:5-67
11-->src/main/AndroidManifest.xml:6:22-64
12    <uses-permission android:name="android.permission.READ_PHONE_STATE" />
12-->src/main/AndroidManifest.xml:8:5-75
12-->src/main/AndroidManifest.xml:8:22-72
13    <uses-permission android:name="com.android.vending.BILLING" />
13-->src/main/AndroidManifest.xml:9:5-67
13-->src/main/AndroidManifest.xml:9:22-64
14    <uses-permission android:name="android.permission.WRITE_EXTERNAL_STORAGE" />
14-->src/main/AndroidManifest.xml:10:5-81
14-->src/main/AndroidManifest.xml:10:22-78
15    <uses-permission android:name="android.permission.READ_EXTERNAL_STORAGE" />
15-->src/main/AndroidManifest.xml:11:5-80
15-->src/main/AndroidManifest.xml:11:22-77
16    <uses-permission android:name="android.permission.RECORD_AUDIO" />
16-->src/main/AndroidManifest.xml:12:5-71
16-->src/main/AndroidManifest.xml:12:22-68
17    <uses-permission android:name="android.permission.ACCESS_NETWORK_STATE" />
17-->[:newAppCenter] AndroidManifest.xml:9:5-79
17-->[:newAppCenter] AndroidManifest.xml:9:22-76
18    <uses-permission android:name="android.permission.CAMERA" />
18-->[:gallery] AndroidManifest.xml:13:5-65
18-->[:gallery] AndroidManifest.xml:13:22-62
19    <uses-permission android:name="android.permission.RECEIVE_BOOT_COMPLETED" />
19-->[:daliynotification] AndroidManifest.xml:9:5-81
19-->[:daliynotification] AndroidManifest.xml:9:22-78
20    <uses-permission android:name="android.permission.WAKE_LOCK" /> <!-- Required by older versions of Google Play services to create IID tokens -->
20-->[com.google.firebase:firebase-messaging:22.0.0] AndroidManifest.xml:23:5-68
20-->[com.google.firebase:firebase-messaging:22.0.0] AndroidManifest.xml:23:22-65
21    <uses-permission android:name="com.google.android.c2dm.permission.RECEIVE" /> <!-- Android package visibility setting -->
21-->[com.google.firebase:firebase-messaging:22.0.0] AndroidManifest.xml:25:5-82
21-->[com.google.firebase:firebase-messaging:22.0.0] AndroidManifest.xml:25:22-79
22    <queries>
22-->[com.google.android.gms:play-services-ads-lite:20.2.0] AndroidManifest.xml:27:5-43:15
23
24        <!-- For browser content -->
25        <intent>
25-->[com.google.android.gms:play-services-ads-lite:20.2.0] AndroidManifest.xml:30:9-36:18
26            <action android:name="android.intent.action.VIEW" />
26-->[com.google.android.gms:play-services-ads-lite:20.2.0] AndroidManifest.xml:31:13-65
26-->[com.google.android.gms:play-services-ads-lite:20.2.0] AndroidManifest.xml:31:21-62
27
28            <category android:name="android.intent.category.BROWSABLE" />
28-->[com.google.android.gms:play-services-ads-lite:20.2.0] AndroidManifest.xml:33:13-74
28-->[com.google.android.gms:play-services-ads-lite:20.2.0] AndroidManifest.xml:33:23-71
29
30            <data android:scheme="https" />
30-->[com.google.android.gms:play-services-ads-lite:20.2.0] AndroidManifest.xml:35:13-44
30-->[com.google.android.gms:play-services-ads-lite:20.2.0] AndroidManifest.xml:35:19-41
31        </intent>
32        <!-- End of browser content -->
33        <!-- For CustomTabsService -->
34        <intent>
34-->[com.google.android.gms:play-services-ads-lite:20.2.0] AndroidManifest.xml:39:9-41:18
35            <action android:name="android.support.customtabs.action.CustomTabsService" />
35-->[com.google.android.gms:play-services-ads-lite:20.2.0] AndroidManifest.xml:40:13-90
35-->[com.google.android.gms:play-services-ads-lite:20.2.0] AndroidManifest.xml:40:21-87
36        </intent>
37        <!-- End of CustomTabsService -->
38    </queries>
39
40    <uses-permission android:name="com.google.android.finsky.permission.BIND_GET_INSTALL_REFERRER_SERVICE" /> <!-- Permission will be merged into the manifest of the hosting app. -->
40-->[com.google.android.gms:play-services-measurement:19.0.0] AndroidManifest.xml:26:5-110
40-->[com.google.android.gms:play-services-measurement:19.0.0] AndroidManifest.xml:26:22-107
41    <!-- Is required to launch foreground extraction service for targetSdkVersion 28+. -->
42    <uses-permission android:name="android.permission.FOREGROUND_SERVICE" />
42-->[com.google.android.play:core:1.8.0] AndroidManifest.xml:8:3-74
42-->[com.google.android.play:core:1.8.0] AndroidManifest.xml:8:20-72
43
44    <application
44-->src/main/AndroidManifest.xml:14:5-119:19
45        android:name="com.vasu.appcenter.openad.AppOpenApplication"
45-->src/main/AndroidManifest.xml:15:9-50
46        android:allowBackup="true"
46-->src/main/AndroidManifest.xml:16:9-35
47        android:appComponentFactory="androidx.core.app.CoreComponentFactory"
47-->[androidx.core:core:1.6.0] AndroidManifest.xml:24:18-86
48        android:debuggable="true"
49        android:icon="@mipmap/ic_launcher"
49-->src/main/AndroidManifest.xml:17:9-43
50        android:label="@string/app_name"
50-->src/main/AndroidManifest.xml:18:9-41
51        android:largeHeap="true"
51-->src/main/AndroidManifest.xml:19:9-33
52        android:requestLegacyExternalStorage="true"
52-->src/main/AndroidManifest.xml:20:9-52
53        android:roundIcon="@mipmap/ic_launcher_round"
53-->src/main/AndroidManifest.xml:21:9-54
54        android:supportsRtl="true"
54-->src/main/AndroidManifest.xml:22:9-35
55        android:theme="@style/AppTheme"
55-->src/main/AndroidManifest.xml:23:9-40
56        android:usesCleartextTraffic="true" >
56-->[:gallery] AndroidManifest.xml:16:9-44
57        <activity
57-->src/main/AndroidManifest.xml:25:9-33:20
58            android:name="com.vasu.appcenter.akshay.activity.SplashActivity"
58-->src/main/AndroidManifest.xml:26:13-59
59            android:screenOrientation="portrait" >
59-->src/main/AndroidManifest.xml:27:13-49
60
61            <!-- <intent-filter> -->
62            <!-- <action android:name="android.intent.action.MAIN" /> -->
63
64
65            <!-- <category android:name="android.intent.category.LAUNCHER" /> -->
66            <!-- </intent-filter> -->
67        </activity>
68        <activity
68-->src/main/AndroidManifest.xml:34:9-42:20
69            android:name="com.vasu.appcenter.akshay.activity.CheckAPIActivity"
69-->src/main/AndroidManifest.xml:35:13-61
70            android:screenOrientation="portrait" >
70-->src/main/AndroidManifest.xml:36:13-49
71
72            <!-- <intent-filter> -->
73            <!-- <action android:name="android.intent.action.MAIN" /> -->
74
75
76            <!-- <category android:name="android.intent.category.LAUNCHER" /> -->
77            <!-- </intent-filter> -->
78        </activity>
79        <activity
79-->src/main/AndroidManifest.xml:43:9-51:20
80            android:name="com.vasu.appcenter.akshay.activity.LoadAdActivity"
80-->src/main/AndroidManifest.xml:44:13-59
81            android:screenOrientation="portrait" >
81-->src/main/AndroidManifest.xml:45:13-49
82
83            <!-- <intent-filter> -->
84            <!-- <action android:name="android.intent.action.MAIN" /> -->
85
86
87            <!-- <category android:name="android.intent.category.LAUNCHER" /> -->
88            <!-- </intent-filter> -->
89        </activity>
90        <activity
90-->src/main/AndroidManifest.xml:52:9-54:52
91            android:name="com.vasu.appcenter.offlineads.OfflineAdActivity"
91-->src/main/AndroidManifest.xml:53:13-57
92            android:screenOrientation="portrait" /> <!-- Google Admob ads initialize -->
92-->src/main/AndroidManifest.xml:54:13-49
93        <meta-data
93-->src/main/AndroidManifest.xml:55:9-57:52
94            android:name="com.google.android.gms.ads.APPLICATION_ID"
94-->src/main/AndroidManifest.xml:56:13-69
95            android:value="@string/admob_app_id" />
95-->src/main/AndroidManifest.xml:57:13-49
96        <meta-data
96-->src/main/AndroidManifest.xml:59:9-61:37
97            android:name="com.google.android.gms.ads.flag.NATIVE_AD_DEBUGGER_ENABLED"
97-->src/main/AndroidManifest.xml:60:13-86
98            android:value="false" />
98-->src/main/AndroidManifest.xml:61:13-34
99
100        <activity
100-->src/main/AndroidManifest.xml:63:9-75:20
101            android:name="com.vasu.appcenter.AdsMainActivity"
101-->src/main/AndroidManifest.xml:64:13-44
102            android:screenOrientation="portrait"
102-->src/main/AndroidManifest.xml:65:13-49
103            android:theme="@style/SplashViewTheme" >
103-->src/main/AndroidManifest.xml:66:13-51
104
105            <!--
106             <intent-filter>
107                 <action android:name="android.intent.action.MAIN" />
108
109                 <category android:name="android.intent.category.LAUNCHER" />
110             </intent-filter>
111            -->
112        </activity>
113        <activity
113-->src/main/AndroidManifest.xml:76:9-86:20
114            android:name="com.vasu.appcenter.SplashActivity"
114-->src/main/AndroidManifest.xml:77:13-43
115            android:screenOrientation="portrait"
115-->src/main/AndroidManifest.xml:78:13-49
116            android:theme="@style/SplashViewTheme" >
116-->src/main/AndroidManifest.xml:79:13-51
117            <intent-filter>
117-->src/main/AndroidManifest.xml:81:14-85:30
118                <action android:name="android.intent.action.MAIN" />
118-->src/main/AndroidManifest.xml:82:18-70
118-->src/main/AndroidManifest.xml:82:26-67
119
120                <category android:name="android.intent.category.LAUNCHER" />
120-->src/main/AndroidManifest.xml:84:18-78
120-->src/main/AndroidManifest.xml:84:28-75
121            </intent-filter>
122        </activity>
123        <activity
123-->src/main/AndroidManifest.xml:87:9-89:52
124            android:name="com.vasu.appcenter.rateandfeedback.FeedbackActivity"
124-->src/main/AndroidManifest.xml:88:13-61
125            android:screenOrientation="portrait" />
125-->src/main/AndroidManifest.xml:89:13-49
126        <activity
126-->src/main/AndroidManifest.xml:90:9-92:52
127            android:name="com.vasu.appcenter.MainActivity"
127-->src/main/AndroidManifest.xml:91:13-41
128            android:screenOrientation="portrait" /> <!-- Firebase Messaging -->
128-->src/main/AndroidManifest.xml:92:13-49
129        <service
129-->src/main/AndroidManifest.xml:93:9-109:19
130            android:name="com.vasu.appcenter.pushnotifications.MyFirebaseMessagingService"
130-->src/main/AndroidManifest.xml:94:13-73
131            android:exported="false" >
131-->src/main/AndroidManifest.xml:95:13-37
132            <intent-filter>
132-->src/main/AndroidManifest.xml:96:13-98:29
133                <action android:name="com.google.firebase.MESSAGING_EVENT" />
133-->src/main/AndroidManifest.xml:97:17-78
133-->src/main/AndroidManifest.xml:97:25-75
134            </intent-filter>
135
136            <!-- - For changing notification icon -->
137            <meta-data
137-->src/main/AndroidManifest.xml:101:13-103:71
138                android:name="com.google.firebase.messaging.default_notification_icon"
138-->src/main/AndroidManifest.xml:102:17-87
139                android:resource="@drawable/ic_launcher_foreground" />
139-->src/main/AndroidManifest.xml:103:17-68
140
141            <!-- - For changing  notification icon color -->
142            <meta-data
142-->src/main/AndroidManifest.xml:106:13-108:58
143                android:name="com.google.firebase.messaging.default_notification_color"
143-->src/main/AndroidManifest.xml:107:17-88
144                android:resource="@color/colorPrimary" />
144-->src/main/AndroidManifest.xml:108:17-55
145        </service> <!-- File Provider -->
146        <provider
147            android:name="androidx.core.content.FileProvider"
147-->src/main/AndroidManifest.xml:111:13-62
148            android:authorities="com.vasu.appcenter.fileprovider"
148-->src/main/AndroidManifest.xml:112:13-64
149            android:exported="false"
149-->src/main/AndroidManifest.xml:113:13-37
150            android:grantUriPermissions="true" >
150-->src/main/AndroidManifest.xml:114:13-47
151            <meta-data
151-->src/main/AndroidManifest.xml:115:13-117:58
152                android:name="android.support.FILE_PROVIDER_PATHS"
152-->src/main/AndroidManifest.xml:116:17-67
153                android:resource="@xml/provider_paths" />
153-->src/main/AndroidManifest.xml:117:17-55
154        </provider>
155
156        <activity
156-->[:newAppCenter] AndroidManifest.xml:13:9-16:52
157            android:name="com.example.latest.vasu.newappcenter.MoreAppsActivity"
157-->[:newAppCenter] AndroidManifest.xml:14:13-81
158            android:exported="true"
158-->[:newAppCenter] AndroidManifest.xml:15:13-36
159            android:screenOrientation="portrait" />
159-->[:newAppCenter] AndroidManifest.xml:16:13-49
160        <activity
160-->[:appcenter] AndroidManifest.xml:13:9-15:52
161            android:name="com.example.appcenter.MoreAppsActivity"
161-->[:appcenter] AndroidManifest.xml:14:13-66
162            android:screenOrientation="portrait" /> <!-- Activities for Gallery -->
162-->[:appcenter] AndroidManifest.xml:15:13-49
163        <activity
163-->[:gallery] AndroidManifest.xml:25:9-27:52
164            android:name="com.example.gallery.ui.GalleryActivity"
164-->[:gallery] AndroidManifest.xml:26:13-66
165            android:screenOrientation="portrait" />
165-->[:gallery] AndroidManifest.xml:27:13-49
166        <activity
166-->[:gallery] AndroidManifest.xml:28:9-30:52
167            android:name="com.example.gallery.internal.ui.AlbumPreviewActivity"
167-->[:gallery] AndroidManifest.xml:29:13-80
168            android:screenOrientation="portrait" />
168-->[:gallery] AndroidManifest.xml:30:13-49
169        <activity
169-->[:gallery] AndroidManifest.xml:31:9-33:52
170            android:name="com.example.gallery.internal.ui.SelectedPreviewActivity"
170-->[:gallery] AndroidManifest.xml:32:13-83
171            android:screenOrientation="portrait" /> <!-- Activities for Crop Image -->
171-->[:gallery] AndroidManifest.xml:33:13-49
172        <activity
172-->[:gallery] AndroidManifest.xml:36:9-38:52
173            android:name="com.example.gallery.imagecrop.CropImageActivity"
173-->[:gallery] AndroidManifest.xml:37:13-75
174            android:screenOrientation="portrait" />
174-->[:gallery] AndroidManifest.xml:38:13-49
175        <activity
175-->[:gallery] AndroidManifest.xml:39:9-41:52
176            android:name="com.example.gallery.imagecrop.ResultActivity"
176-->[:gallery] AndroidManifest.xml:40:13-72
177            android:screenOrientation="portrait" />
177-->[:gallery] AndroidManifest.xml:41:13-49
178
179        <service
179-->[:daliynotification] AndroidManifest.xml:12:9-18:19
180            android:name="com.example.daliynotification.NotificationJobService"
180-->[:daliynotification] AndroidManifest.xml:13:13-80
181            android:exported="false" >
181-->[:daliynotification] AndroidManifest.xml:14:13-37
182            <intent-filter>
182-->[:daliynotification] AndroidManifest.xml:15:13-17:29
183                <action android:name="com.firebase.jobdispatcher.ACTION_EXECUTE" />
183-->[:daliynotification] AndroidManifest.xml:16:17-84
183-->[:daliynotification] AndroidManifest.xml:16:25-81
184            </intent-filter>
185        </service>
186
187        <receiver android:name="com.example.daliynotification.MyBootReceiver" >
187-->[:daliynotification] AndroidManifest.xml:20:9-24:20
187-->[:daliynotification] AndroidManifest.xml:20:19-78
188            <intent-filter>
188-->[:daliynotification] AndroidManifest.xml:21:13-23:29
189                <action android:name="android.intent.action.BOOT_COMPLETED" />
189-->[:daliynotification] AndroidManifest.xml:22:17-79
189-->[:daliynotification] AndroidManifest.xml:22:25-76
190            </intent-filter>
191        </receiver>
192
193        <activity
193-->[com.karumi:dexter:6.2.2] AndroidManifest.xml:27:9-29:72
194            android:name="com.karumi.dexter.DexterActivity"
194-->[com.karumi:dexter:6.2.2] AndroidManifest.xml:28:13-60
195            android:theme="@style/Dexter.Internal.Theme.Transparent" />
195-->[com.karumi:dexter:6.2.2] AndroidManifest.xml:29:13-69
196
197        <provider
197-->[com.squareup.picasso:picasso:2.71828] AndroidManifest.xml:8:9-11:40
198            android:name="com.squareup.picasso.PicassoProvider"
198-->[com.squareup.picasso:picasso:2.71828] AndroidManifest.xml:9:13-64
199            android:authorities="com.vasu.appcenter.com.squareup.picasso"
199-->[com.squareup.picasso:picasso:2.71828] AndroidManifest.xml:10:13-72
200            android:exported="false" />
200-->[com.squareup.picasso:picasso:2.71828] AndroidManifest.xml:11:13-37
201
202        <receiver
202-->[com.google.firebase:firebase-messaging:22.0.0] AndroidManifest.xml:28:9-35:20
203            android:name="com.google.firebase.iid.FirebaseInstanceIdReceiver"
203-->[com.google.firebase:firebase-messaging:22.0.0] AndroidManifest.xml:29:13-78
204            android:exported="true"
204-->[com.google.firebase:firebase-messaging:22.0.0] AndroidManifest.xml:30:13-36
205            android:permission="com.google.android.c2dm.permission.SEND" >
205-->[com.google.firebase:firebase-messaging:22.0.0] AndroidManifest.xml:31:13-73
206            <intent-filter>
206-->[com.google.firebase:firebase-messaging:22.0.0] AndroidManifest.xml:32:13-34:29
207                <action android:name="com.google.android.c2dm.intent.RECEIVE" />
207-->[com.google.firebase:firebase-messaging:22.0.0] AndroidManifest.xml:33:17-81
207-->[com.google.firebase:firebase-messaging:22.0.0] AndroidManifest.xml:33:25-78
208            </intent-filter>
209        </receiver>
210        <!--
211             FirebaseMessagingService performs security checks at runtime,
212             but set to not exported to explicitly avoid allowing another app to call it.
213        -->
214        <service
214-->[com.google.firebase:firebase-messaging:22.0.0] AndroidManifest.xml:41:9-48:19
215            android:name="com.google.firebase.messaging.FirebaseMessagingService"
215-->[com.google.firebase:firebase-messaging:22.0.0] AndroidManifest.xml:42:13-82
216            android:directBootAware="true"
216-->[com.google.firebase:firebase-messaging:22.0.0] AndroidManifest.xml:43:13-43
217            android:exported="false" >
217-->[com.google.firebase:firebase-messaging:22.0.0] AndroidManifest.xml:44:13-37
218            <intent-filter android:priority="-500" >
218-->src/main/AndroidManifest.xml:96:13-98:29
219                <action android:name="com.google.firebase.MESSAGING_EVENT" />
219-->src/main/AndroidManifest.xml:97:17-78
219-->src/main/AndroidManifest.xml:97:25-75
220            </intent-filter>
221        </service>
222        <service
222-->[com.google.firebase:firebase-messaging:22.0.0] AndroidManifest.xml:49:9-55:19
223            android:name="com.google.firebase.components.ComponentDiscoveryService"
223-->[com.google.firebase:firebase-messaging:22.0.0] AndroidManifest.xml:50:13-84
224            android:directBootAware="true"
224-->[com.google.firebase:firebase-common:20.0.0] AndroidManifest.xml:35:13-43
225            android:exported="false" >
225-->[com.google.firebase:firebase-messaging:22.0.0] AndroidManifest.xml:51:13-37
226            <meta-data
226-->[com.google.firebase:firebase-messaging:22.0.0] AndroidManifest.xml:52:13-54:85
227                android:name="com.google.firebase.components:com.google.firebase.messaging.FirebaseMessagingRegistrar"
227-->[com.google.firebase:firebase-messaging:22.0.0] AndroidManifest.xml:53:17-119
228                android:value="com.google.firebase.components.ComponentRegistrar" />
228-->[com.google.firebase:firebase-messaging:22.0.0] AndroidManifest.xml:54:17-82
229            <meta-data
229-->[com.google.android.gms:play-services-measurement-api:19.0.0] AndroidManifest.xml:30:13-32:85
230                android:name="com.google.firebase.components:com.google.firebase.analytics.connector.internal.AnalyticsConnectorRegistrar"
230-->[com.google.android.gms:play-services-measurement-api:19.0.0] AndroidManifest.xml:31:17-139
231                android:value="com.google.firebase.components.ComponentRegistrar" />
231-->[com.google.android.gms:play-services-measurement-api:19.0.0] AndroidManifest.xml:32:17-82
232            <meta-data
232-->[com.google.firebase:firebase-crashlytics:18.2.0] AndroidManifest.xml:18:13-20:85
233                android:name="com.google.firebase.components:com.google.firebase.crashlytics.CrashlyticsRegistrar"
233-->[com.google.firebase:firebase-crashlytics:18.2.0] AndroidManifest.xml:19:17-115
234                android:value="com.google.firebase.components.ComponentRegistrar" />
234-->[com.google.firebase:firebase-crashlytics:18.2.0] AndroidManifest.xml:20:17-82
235            <meta-data
235-->[com.google.firebase:firebase-installations:17.0.0] AndroidManifest.xml:18:13-20:85
236                android:name="com.google.firebase.components:com.google.firebase.installations.FirebaseInstallationsRegistrar"
236-->[com.google.firebase:firebase-installations:17.0.0] AndroidManifest.xml:19:17-127
237                android:value="com.google.firebase.components.ComponentRegistrar" />
237-->[com.google.firebase:firebase-installations:17.0.0] AndroidManifest.xml:20:17-82
238            <meta-data
238-->[com.google.firebase:firebase-datatransport:18.0.0] AndroidManifest.xml:28:13-30:85
239                android:name="com.google.firebase.components:com.google.firebase.datatransport.TransportRegistrar"
239-->[com.google.firebase:firebase-datatransport:18.0.0] AndroidManifest.xml:29:17-115
240                android:value="com.google.firebase.components.ComponentRegistrar" />
240-->[com.google.firebase:firebase-datatransport:18.0.0] AndroidManifest.xml:30:17-82
241        </service> <!-- Include the AdActivity and InAppPurchaseActivity configChanges and themes. -->
242        <activity
242-->[com.google.android.gms:play-services-ads-lite:20.2.0] AndroidManifest.xml:48:9-52:64
243            android:name="com.google.android.gms.ads.AdActivity"
243-->[com.google.android.gms:play-services-ads-lite:20.2.0] AndroidManifest.xml:49:13-65
244            android:configChanges="keyboard|keyboardHidden|orientation|screenLayout|uiMode|screenSize|smallestScreenSize"
244-->[com.google.android.gms:play-services-ads-lite:20.2.0] AndroidManifest.xml:50:13-122
245            android:exported="false"
245-->[com.google.android.gms:play-services-ads-lite:20.2.0] AndroidManifest.xml:51:13-37
246            android:theme="@android:style/Theme.Translucent" />
246-->[com.google.android.gms:play-services-ads-lite:20.2.0] AndroidManifest.xml:52:13-61
247
248        <provider
248-->[com.google.android.gms:play-services-ads-lite:20.2.0] AndroidManifest.xml:54:9-58:39
249            android:name="com.google.android.gms.ads.MobileAdsInitProvider"
249-->[com.google.android.gms:play-services-ads-lite:20.2.0] AndroidManifest.xml:55:13-76
250            android:authorities="com.vasu.appcenter.mobileadsinitprovider"
250-->[com.google.android.gms:play-services-ads-lite:20.2.0] AndroidManifest.xml:56:13-73
251            android:exported="false"
251-->[com.google.android.gms:play-services-ads-lite:20.2.0] AndroidManifest.xml:57:13-37
252            android:initOrder="100" />
252-->[com.google.android.gms:play-services-ads-lite:20.2.0] AndroidManifest.xml:58:13-36
253
254        <service
254-->[com.google.android.gms:play-services-ads-lite:20.2.0] AndroidManifest.xml:60:9-63:40
255            android:name="com.google.android.gms.ads.AdService"
255-->[com.google.android.gms:play-services-ads-lite:20.2.0] AndroidManifest.xml:61:13-64
256            android:enabled="true"
256-->[com.google.android.gms:play-services-ads-lite:20.2.0] AndroidManifest.xml:62:13-35
257            android:exported="false" />
257-->[com.google.android.gms:play-services-ads-lite:20.2.0] AndroidManifest.xml:63:13-37
258
259        <receiver
259-->[com.google.android.gms:play-services-measurement:19.0.0] AndroidManifest.xml:29:9-33:20
260            android:name="com.google.android.gms.measurement.AppMeasurementReceiver"
260-->[com.google.android.gms:play-services-measurement:19.0.0] AndroidManifest.xml:30:13-85
261            android:enabled="true"
261-->[com.google.android.gms:play-services-measurement:19.0.0] AndroidManifest.xml:31:13-35
262            android:exported="false" >
262-->[com.google.android.gms:play-services-measurement:19.0.0] AndroidManifest.xml:32:13-37
263        </receiver>
264
265        <service
265-->[com.google.android.gms:play-services-measurement:19.0.0] AndroidManifest.xml:35:9-38:40
266            android:name="com.google.android.gms.measurement.AppMeasurementService"
266-->[com.google.android.gms:play-services-measurement:19.0.0] AndroidManifest.xml:36:13-84
267            android:enabled="true"
267-->[com.google.android.gms:play-services-measurement:19.0.0] AndroidManifest.xml:37:13-35
268            android:exported="false" />
268-->[com.google.android.gms:play-services-measurement:19.0.0] AndroidManifest.xml:38:13-37
269        <service
269-->[com.google.android.gms:play-services-measurement:19.0.0] AndroidManifest.xml:39:9-43:72
270            android:name="com.google.android.gms.measurement.AppMeasurementJobService"
270-->[com.google.android.gms:play-services-measurement:19.0.0] AndroidManifest.xml:40:13-87
271            android:enabled="true"
271-->[com.google.android.gms:play-services-measurement:19.0.0] AndroidManifest.xml:41:13-35
272            android:exported="false"
272-->[com.google.android.gms:play-services-measurement:19.0.0] AndroidManifest.xml:42:13-37
273            android:permission="android.permission.BIND_JOB_SERVICE" />
273-->[com.google.android.gms:play-services-measurement:19.0.0] AndroidManifest.xml:43:13-69
274
275        <provider
275-->[com.google.firebase:firebase-common:20.0.0] AndroidManifest.xml:26:9-31:39
276            android:name="com.google.firebase.provider.FirebaseInitProvider"
276-->[com.google.firebase:firebase-common:20.0.0] AndroidManifest.xml:27:13-77
277            android:authorities="com.vasu.appcenter.firebaseinitprovider"
277-->[com.google.firebase:firebase-common:20.0.0] AndroidManifest.xml:28:13-72
278            android:directBootAware="true"
278-->[com.google.firebase:firebase-common:20.0.0] AndroidManifest.xml:29:13-43
279            android:exported="false"
279-->[com.google.firebase:firebase-common:20.0.0] AndroidManifest.xml:30:13-37
280            android:initOrder="100" />
280-->[com.google.firebase:firebase-common:20.0.0] AndroidManifest.xml:31:13-36
281
282        <meta-data
282-->[com.google.android.gms:play-services-basement:17.6.0] AndroidManifest.xml:23:9-25:69
283            android:name="com.google.android.gms.version"
283-->[com.google.android.gms:play-services-basement:17.6.0] AndroidManifest.xml:24:13-58
284            android:value="@integer/google_play_services_version" />
284-->[com.google.android.gms:play-services-basement:17.6.0] AndroidManifest.xml:25:13-66
285        <!--
286             Receives GooglePlay execution requests and forwards them to the
287             appropriate internal service.
288        -->
289        <service
289-->[com.firebase:firebase-jobdispatcher:0.8.6] AndroidManifest.xml:38:9-45:19
290            android:name="com.firebase.jobdispatcher.GooglePlayReceiver"
290-->[com.firebase:firebase-jobdispatcher:0.8.6] AndroidManifest.xml:39:13-73
291            android:exported="true"
291-->[com.firebase:firebase-jobdispatcher:0.8.6] AndroidManifest.xml:40:13-36
292            android:permission="com.google.android.gms.permission.BIND_NETWORK_TASK_SERVICE" >
292-->[com.firebase:firebase-jobdispatcher:0.8.6] AndroidManifest.xml:41:13-93
293            <intent-filter>
293-->[com.firebase:firebase-jobdispatcher:0.8.6] AndroidManifest.xml:42:13-44:29
294                <action android:name="com.google.android.gms.gcm.ACTION_TASK_READY" />
294-->[com.firebase:firebase-jobdispatcher:0.8.6] AndroidManifest.xml:43:17-87
294-->[com.firebase:firebase-jobdispatcher:0.8.6] AndroidManifest.xml:43:25-84
295            </intent-filter>
296        </service>
297
298        <provider
298-->[androidx.work:work-runtime:2.1.0] AndroidManifest.xml:30:9-36:35
299            android:name="androidx.work.impl.WorkManagerInitializer"
299-->[androidx.work:work-runtime:2.1.0] AndroidManifest.xml:31:13-69
300            android:authorities="com.vasu.appcenter.workmanager-init"
300-->[androidx.work:work-runtime:2.1.0] AndroidManifest.xml:32:13-68
301            android:directBootAware="false"
301-->[androidx.work:work-runtime:2.1.0] AndroidManifest.xml:33:13-44
302            android:exported="false"
302-->[androidx.work:work-runtime:2.1.0] AndroidManifest.xml:34:13-37
303            android:multiprocess="true" />
303-->[androidx.work:work-runtime:2.1.0] AndroidManifest.xml:35:13-40
304
305        <service
305-->[androidx.work:work-runtime:2.1.0] AndroidManifest.xml:38:9-43:35
306            android:name="androidx.work.impl.background.systemalarm.SystemAlarmService"
306-->[androidx.work:work-runtime:2.1.0] AndroidManifest.xml:39:13-88
307            android:directBootAware="false"
307-->[androidx.work:work-runtime:2.1.0] AndroidManifest.xml:40:13-44
308            android:enabled="@bool/enable_system_alarm_service_default"
308-->[androidx.work:work-runtime:2.1.0] AndroidManifest.xml:41:13-72
309            android:exported="false" />
309-->[androidx.work:work-runtime:2.1.0] AndroidManifest.xml:42:13-37
310        <service
310-->[androidx.work:work-runtime:2.1.0] AndroidManifest.xml:44:9-50:35
311            android:name="androidx.work.impl.background.systemjob.SystemJobService"
311-->[androidx.work:work-runtime:2.1.0] AndroidManifest.xml:45:13-84
312            android:directBootAware="false"